<?xml version="1.0" encoding="UTF-8"?>
<testng-results skipped="0" failed="0" ignored="0" total="1" passed="1">
  <reporter-output>
  </reporter-output>
  <suite name="Default suite" duration-ms="3449" started-at="2022-07-08T15:31:29 EDT" finished-at="2022-07-08T15:31:33 EDT">
    <groups>
    </groups>
    <test name="Default test" duration-ms="3449" started-at="2022-07-08T15:31:29 EDT" finished-at="2022-07-08T15:31:33 EDT">
      <class name="test.ValidateCategoryBox">
        <test-method status="PASS" signature="ValidateCategoryCheckBox()[pri:0, instance:test.ValidateCategoryBox@1d29cf23]" name="ValidateCategoryCheckBox" duration-ms="3421" started-at="2022-07-08T15:31:29 EDT" finished-at="2022-07-08T15:31:33 EDT">
          <reporter-output>
          </reporter-output>
        </test-method> <!-- ValidateCategoryCheckBox -->
      </class> <!-- test.ValidateCategoryBox -->
    </test> <!-- Default test -->
  </suite> <!-- Default suite -->
</testng-results>
